{"numFailedTestSuites":3,"numFailedTests":8,"numPassedTestSuites":25,"numPassedTests":146,"numPendingTestSuites":0,"numPendingTests":0,"numRuntimeErrorTestSuites":0,"numTodoTests":0,"numTotalTestSuites":28,"numTotalTests":154,"openHandles":[],"snapshot":{"added":0,"didUpdate":false,"failure":false,"filesAdded":0,"filesRemoved":0,"filesRemovedList":[],"filesUnmatched":0,"filesUpdated":0,"matched":0,"total":0,"unchecked":0,"uncheckedKeysByFile":[],"unmatched":0,"updated":0},"startTime":1749756561595,"success":false,"testResults":[{"assertionResults":[{"ancestorTitles":["Timer Debug Tests","Timer Display State Tracking"],"duration":21,"failureDetails":[],"failureMessages":[],"fullName":"Timer Debug Tests Timer Display State Tracking should track timer state changes through complete flow","invocations":1,"location":null,"numPassingAsserts":3,"retryReasons":[],"status":"passed","title":"should track timer state changes through complete flow"},{"ancestorTitles":["Timer Debug Tests","Timer Display State Tracking"],"duration":3,"failureDetails":[],"failureMessages":[],"fullName":"Timer Debug Tests Timer Display State Tracking should handle invalid timer payloads gracefully","invocations":1,"location":null,"numPassingAsserts":0,"retryReasons":[],"status":"passed","title":"should handle invalid timer payloads gracefully"},{"ancestorTitles":["Timer Debug Tests","Timer Display State Tracking"],"duration":73,"failureDetails":[{"matcherResult":{"actual":0,"expected":26000,"message":"\u001b[2mexpect(\u001b[22m\u001b[31mreceived\u001b[39m\u001b[2m).\u001b[22mtoBe\u001b[2m(\u001b[22m\u001b[32mexpected\u001b[39m\u001b[2m) // Object.is equality\u001b[22m\n\nExpected: \u001b[32m26000\u001b[39m\nReceived: \u001b[31m0\u001b[39m","name":"toBe","pass":false}}],"failureMessages":["Error: \u001b[2mexpect(\u001b[22m\u001b[31mreceived\u001b[39m\u001b[2m).\u001b[22mtoBe\u001b[2m(\u001b[22m\u001b[32mexpected\u001b[39m\u001b[2m) // Object.is equality\u001b[22m\n\nExpected: \u001b[32m26000\u001b[39m\nReceived: \u001b[31m0\u001b[39m\n    at Object.toBe (/home/aflesch/mathquest/app/frontend/src/hooks/__tests__/useTeacherQuizSocket.timer.debug.test.ts:334:47)"],"fullName":"Timer Debug Tests Timer Display State Tracking should handle rapid timer updates without state conflicts","invocations":1,"location":null,"numPassingAsserts":0,"retryReasons":[],"status":"failed","title":"should handle rapid timer updates without state conflicts"},{"ancestorTitles":["Timer Debug Tests","Timer Calculation Accuracy"],"duration":4,"failureDetails":[{}],"failureMessages":["TypeError: dashboardTimerHandler is not a function\n    at dashboardTimerHandler (/home/aflesch/mathquest/app/frontend/src/hooks/__tests__/useTeacherQuizSocket.timer.debug.test.ts:365:21)\n    at /home/aflesch/mathquest/app/frontend/node_modules/@testing-library/react/dist/act-compat.js:48:24\n    at Object.<anonymous>.process.env.NODE_ENV.exports.act (/home/aflesch/mathquest/app/frontend/node_modules/react/cjs/react.development.js:789:22)\n    at /home/aflesch/mathquest/app/frontend/node_modules/@testing-library/react/dist/act-compat.js:47:25\n    at Object.<anonymous> (/home/aflesch/mathquest/app/frontend/src/hooks/__tests__/useTeacherQuizSocket.timer.debug.test.ts:364:20)\n    at Promise.then.completed (/home/aflesch/mathquest/app/frontend/node_modules/jest-circus/build/utils.js:298:28)\n    at new Promise (<anonymous>)\n    at callAsyncCircusFn (/home/aflesch/mathquest/app/frontend/node_modules/jest-circus/build/utils.js:231:10)\n    at _callCircusTest (/home/aflesch/mathquest/app/frontend/node_modules/jest-circus/build/run.js:316:40)\n    at _runTest (/home/aflesch/mathquest/app/frontend/node_modules/jest-circus/build/run.js:252:3)\n    at _runTestsForDescribeBlock (/home/aflesch/mathquest/app/frontend/node_modules/jest-circus/build/run.js:126:9)\n    at _runTestsForDescribeBlock (/home/aflesch/mathquest/app/frontend/node_modules/jest-circus/build/run.js:121:9)\n    at _runTestsForDescribeBlock (/home/aflesch/mathquest/app/frontend/node_modules/jest-circus/build/run.js:121:9)\n    at run (/home/aflesch/mathquest/app/frontend/node_modules/jest-circus/build/run.js:71:3)\n    at runAndTransformResultsToJestFormat (/home/aflesch/mathquest/app/frontend/node_modules/jest-circus/build/legacy-code-todo-rewrite/jestAdapterInit.js:122:21)\n    at jestAdapter (/home/aflesch/mathquest/app/frontend/node_modules/jest-circus/build/legacy-code-todo-rewrite/jestAdapter.js:79:19)\n    at runTestInternal (/home/aflesch/mathquest/app/frontend/node_modules/jest-runner/build/runTest.js:367:16)\n    at runTest (/home/aflesch/mathquest/app/frontend/node_modules/jest-runner/build/runTest.js:444:34)"],"fullName":"Timer Debug Tests Timer Calculation Accuracy should correctly convert milliseconds to seconds in display","invocations":1,"location":null,"numPassingAsserts":0,"retryReasons":[],"status":"failed","title":"should correctly convert milliseconds to seconds in display"},{"ancestorTitles":["Timer Debug Tests","Timer Calculation Accuracy"],"duration":6,"failureDetails":[{}],"failureMessages":["TypeError: dashboardTimerHandler is not a function\n    at dashboardTimerHandler (/home/aflesch/mathquest/app/frontend/src/hooks/__tests__/useTeacherQuizSocket.timer.debug.test.ts:404:17)\n    at /home/aflesch/mathquest/app/frontend/node_modules/@testing-library/react/dist/act-compat.js:48:24\n    at Object.<anonymous>.process.env.NODE_ENV.exports.act (/home/aflesch/mathquest/app/frontend/node_modules/react/cjs/react.development.js:789:22)\n    at /home/aflesch/mathquest/app/frontend/node_modules/@testing-library/react/dist/act-compat.js:47:25\n    at Object.<anonymous> (/home/aflesch/mathquest/app/frontend/src/hooks/__tests__/useTeacherQuizSocket.timer.debug.test.ts:403:16)\n    at Promise.then.completed (/home/aflesch/mathquest/app/frontend/node_modules/jest-circus/build/utils.js:298:28)\n    at new Promise (<anonymous>)\n    at callAsyncCircusFn (/home/aflesch/mathquest/app/frontend/node_modules/jest-circus/build/utils.js:231:10)\n    at _callCircusTest (/home/aflesch/mathquest/app/frontend/node_modules/jest-circus/build/run.js:316:40)\n    at _runTest (/home/aflesch/mathquest/app/frontend/node_modules/jest-circus/build/run.js:252:3)\n    at _runTestsForDescribeBlock (/home/aflesch/mathquest/app/frontend/node_modules/jest-circus/build/run.js:126:9)\n    at _runTestsForDescribeBlock (/home/aflesch/mathquest/app/frontend/node_modules/jest-circus/build/run.js:121:9)\n    at _runTestsForDescribeBlock (/home/aflesch/mathquest/app/frontend/node_modules/jest-circus/build/run.js:121:9)\n    at run (/home/aflesch/mathquest/app/frontend/node_modules/jest-circus/build/run.js:71:3)\n    at runAndTransformResultsToJestFormat (/home/aflesch/mathquest/app/frontend/node_modules/jest-circus/build/legacy-code-todo-rewrite/jestAdapterInit.js:122:21)\n    at jestAdapter (/home/aflesch/mathquest/app/frontend/node_modules/jest-circus/build/legacy-code-todo-rewrite/jestAdapter.js:79:19)\n    at runTestInternal (/home/aflesch/mathquest/app/frontend/node_modules/jest-runner/build/runTest.js:367:16)\n    at runTest (/home/aflesch/mathquest/app/frontend/node_modules/jest-runner/build/runTest.js:444:34)"],"fullName":"Timer Debug Tests Timer Calculation Accuracy should maintain consistent state between timeLeftMs and localTimeLeftMs","invocations":1,"location":null,"numPassingAsserts":0,"retryReasons":[],"status":"failed","title":"should maintain consistent state between timeLeftMs and localTimeLeftMs"},{"ancestorTitles":["Timer Debug Tests","Edge Cases and Error Scenarios"],"duration":1,"failureDetails":[{}],"failureMessages":["TypeError: dashboardTimerHandler is not a function\n    at dashboardTimerHandler (/home/aflesch/mathquest/app/frontend/src/hooks/__tests__/useTeacherQuizSocket.timer.debug.test.ts:433:17)\n    at /home/aflesch/mathquest/app/frontend/node_modules/@testing-library/react/dist/act-compat.js:48:24\n    at Object.<anonymous>.process.env.NODE_ENV.exports.act (/home/aflesch/mathquest/app/frontend/node_modules/react/cjs/react.development.js:789:22)\n    at /home/aflesch/mathquest/app/frontend/node_modules/@testing-library/react/dist/act-compat.js:47:25\n    at Object.<anonymous> (/home/aflesch/mathquest/app/frontend/src/hooks/__tests__/useTeacherQuizSocket.timer.debug.test.ts:432:16)\n    at Promise.then.completed (/home/aflesch/mathquest/app/frontend/node_modules/jest-circus/build/utils.js:298:28)\n    at new Promise (<anonymous>)\n    at callAsyncCircusFn (/home/aflesch/mathquest/app/frontend/node_modules/jest-circus/build/utils.js:231:10)\n    at _callCircusTest (/home/aflesch/mathquest/app/frontend/node_modules/jest-circus/build/run.js:316:40)\n    at _runTest (/home/aflesch/mathquest/app/frontend/node_modules/jest-circus/build/run.js:252:3)\n    at _runTestsForDescribeBlock (/home/aflesch/mathquest/app/frontend/node_modules/jest-circus/build/run.js:126:9)\n    at _runTestsForDescribeBlock (/home/aflesch/mathquest/app/frontend/node_modules/jest-circus/build/run.js:121:9)\n    at _runTestsForDescribeBlock (/home/aflesch/mathquest/app/frontend/node_modules/jest-circus/build/run.js:121:9)\n    at run (/home/aflesch/mathquest/app/frontend/node_modules/jest-circus/build/run.js:71:3)\n    at runAndTransformResultsToJestFormat (/home/aflesch/mathquest/app/frontend/node_modules/jest-circus/build/legacy-code-todo-rewrite/jestAdapterInit.js:122:21)\n    at jestAdapter (/home/aflesch/mathquest/app/frontend/node_modules/jest-circus/build/legacy-code-todo-rewrite/jestAdapter.js:79:19)\n    at runTestInternal (/home/aflesch/mathquest/app/frontend/node_modules/jest-runner/build/runTest.js:367:16)\n    at runTest (/home/aflesch/mathquest/app/frontend/node_modules/jest-runner/build/runTest.js:444:34)"],"fullName":"Timer Debug Tests Edge Cases and Error Scenarios should handle timer going to zero gracefully","invocations":1,"location":null,"numPassingAsserts":0,"retryReasons":[],"status":"failed","title":"should handle timer going to zero gracefully"},{"ancestorTitles":["Timer Debug Tests","Edge Cases and Error Scenarios"],"duration":2,"failureDetails":[{}],"failureMessages":["TypeError: dashboardTimerHandler is not a function\n    at dashboardTimerHandler (/home/aflesch/mathquest/app/frontend/src/hooks/__tests__/useTeacherQuizSocket.timer.debug.test.ts:468:17)\n    at /home/aflesch/mathquest/app/frontend/node_modules/@testing-library/react/dist/act-compat.js:48:24\n    at Object.<anonymous>.process.env.NODE_ENV.exports.act (/home/aflesch/mathquest/app/frontend/node_modules/react/cjs/react.development.js:789:22)\n    at /home/aflesch/mathquest/app/frontend/node_modules/@testing-library/react/dist/act-compat.js:47:25\n    at Object.<anonymous> (/home/aflesch/mathquest/app/frontend/src/hooks/__tests__/useTeacherQuizSocket.timer.debug.test.ts:467:16)\n    at Promise.then.completed (/home/aflesch/mathquest/app/frontend/node_modules/jest-circus/build/utils.js:298:28)\n    at new Promise (<anonymous>)\n    at callAsyncCircusFn (/home/aflesch/mathquest/app/frontend/node_modules/jest-circus/build/utils.js:231:10)\n    at _callCircusTest (/home/aflesch/mathquest/app/frontend/node_modules/jest-circus/build/run.js:316:40)\n    at _runTest (/home/aflesch/mathquest/app/frontend/node_modules/jest-circus/build/run.js:252:3)\n    at _runTestsForDescribeBlock (/home/aflesch/mathquest/app/frontend/node_modules/jest-circus/build/run.js:126:9)\n    at _runTestsForDescribeBlock (/home/aflesch/mathquest/app/frontend/node_modules/jest-circus/build/run.js:121:9)\n    at _runTestsForDescribeBlock (/home/aflesch/mathquest/app/frontend/node_modules/jest-circus/build/run.js:121:9)\n    at run (/home/aflesch/mathquest/app/frontend/node_modules/jest-circus/build/run.js:71:3)\n    at runAndTransformResultsToJestFormat (/home/aflesch/mathquest/app/frontend/node_modules/jest-circus/build/legacy-code-todo-rewrite/jestAdapterInit.js:122:21)\n    at jestAdapter (/home/aflesch/mathquest/app/frontend/node_modules/jest-circus/build/legacy-code-todo-rewrite/jestAdapter.js:79:19)\n    at runTestInternal (/home/aflesch/mathquest/app/frontend/node_modules/jest-runner/build/runTest.js:367:16)\n    at runTest (/home/aflesch/mathquest/app/frontend/node_modules/jest-runner/build/runTest.js:444:34)"],"fullName":"Timer Debug Tests Edge Cases and Error Scenarios should handle negative timeRemaining values","invocations":1,"location":null,"numPassingAsserts":0,"retryReasons":[],"status":"failed","title":"should handle negative timeRemaining values"}],"endTime":1749756562420,"message":"\u001b[1m\u001b[31m  \u001b[1m● \u001b[22m\u001b[1mTimer Debug Tests › Timer Display State Tracking › should handle rapid timer updates without state conflicts\u001b[39m\u001b[22m\n\n    \u001b[2mexpect(\u001b[22m\u001b[31mreceived\u001b[39m\u001b[2m).\u001b[22mtoBe\u001b[2m(\u001b[22m\u001b[32mexpected\u001b[39m\u001b[2m) // Object.is equality\u001b[22m\n\n    Expected: \u001b[32m26000\u001b[39m\n    Received: \u001b[31m0\u001b[39m\n\u001b[2m\u001b[22m\n\u001b[2m    \u001b[0m \u001b[90m 332 |\u001b[39m\u001b[22m\n\u001b[2m     \u001b[90m 333 |\u001b[39m             \u001b[90m// Should end with the last update\u001b[39m\u001b[22m\n\u001b[2m    \u001b[31m\u001b[1m>\u001b[22m\u001b[2m\u001b[39m\u001b[90m 334 |\u001b[39m             expect(result\u001b[33m.\u001b[39mcurrent\u001b[33m.\u001b[39mtimeLeftMs)\u001b[33m.\u001b[39mtoBe(\u001b[35m26000\u001b[39m)\u001b[33m;\u001b[39m\u001b[22m\n\u001b[2m     \u001b[90m     |\u001b[39m                                               \u001b[31m\u001b[1m^\u001b[22m\u001b[2m\u001b[39m\u001b[22m\n\u001b[2m     \u001b[90m 335 |\u001b[39m             expect(result\u001b[33m.\u001b[39mcurrent\u001b[33m.\u001b[39mtimerStatus)\u001b[33m.\u001b[39mtoBe(\u001b[32m'play'\u001b[39m)\u001b[33m;\u001b[39m\u001b[22m\n\u001b[2m     \u001b[90m 336 |\u001b[39m         })\u001b[33m;\u001b[39m\u001b[22m\n\u001b[2m     \u001b[90m 337 |\u001b[39m     })\u001b[33m;\u001b[39m\u001b[0m\u001b[22m\n\u001b[2m\u001b[22m\n\u001b[2m      \u001b[2mat Object.toBe (\u001b[22m\u001b[2m\u001b[0m\u001b[36msrc/hooks/__tests__/useTeacherQuizSocket.timer.debug.test.ts\u001b[39m\u001b[0m\u001b[2m:334:47)\u001b[22m\u001b[2m\u001b[22m\n\n\u001b[1m\u001b[31m  \u001b[1m● \u001b[22m\u001b[1mTimer Debug Tests › Timer Calculation Accuracy › should correctly convert milliseconds to seconds in display\u001b[39m\u001b[22m\n\n    TypeError: dashboardTimerHandler is not a function\n\u001b[2m\u001b[22m\n\u001b[2m    \u001b[0m \u001b[90m 363 |\u001b[39m\u001b[22m\n\u001b[2m     \u001b[90m 364 |\u001b[39m                 act(() \u001b[33m=>\u001b[39m {\u001b[22m\n\u001b[2m    \u001b[31m\u001b[1m>\u001b[22m\u001b[2m\u001b[39m\u001b[90m 365 |\u001b[39m                     dashboardTimerHandler({\u001b[22m\n\u001b[2m     \u001b[90m     |\u001b[39m                     \u001b[31m\u001b[1m^\u001b[22m\u001b[2m\u001b[39m\u001b[22m\n\u001b[2m     \u001b[90m 366 |\u001b[39m                         timer\u001b[33m:\u001b[39m {\u001b[22m\n\u001b[2m     \u001b[90m 367 |\u001b[39m                             startedAt\u001b[33m:\u001b[39m \u001b[33mDate\u001b[39m\u001b[33m.\u001b[39mnow()\u001b[33m,\u001b[39m\u001b[22m\n\u001b[2m     \u001b[90m 368 |\u001b[39m                             durationMs\u001b[33m:\u001b[39m \u001b[35m30000\u001b[39m\u001b[33m,\u001b[39m\u001b[0m\u001b[22m\n\u001b[2m\u001b[22m\n\u001b[2m      \u001b[2mat dashboardTimerHandler (\u001b[22m\u001b[2m\u001b[0m\u001b[36msrc/hooks/__tests__/useTeacherQuizSocket.timer.debug.test.ts\u001b[39m\u001b[0m\u001b[2m:365:21)\u001b[22m\u001b[2m\u001b[22m\n\u001b[2m      \u001b[2mat \u001b[22m\u001b[2mnode_modules/@testing-library/react/dist/act-compat.js\u001b[2m:48:24\u001b[22m\u001b[2m\u001b[22m\n\u001b[2m      \u001b[2mat Object.<anonymous>.process.env.NODE_ENV.exports.act (\u001b[22m\u001b[2mnode_modules/react/cjs/react.development.js\u001b[2m:789:22)\u001b[22m\u001b[2m\u001b[22m\n\u001b[2m      \u001b[2mat \u001b[22m\u001b[2mnode_modules/@testing-library/react/dist/act-compat.js\u001b[2m:47:25\u001b[22m\u001b[2m\u001b[22m\n\u001b[2m      \u001b[2mat Object.<anonymous> (\u001b[22m\u001b[2m\u001b[0m\u001b[36msrc/hooks/__tests__/useTeacherQuizSocket.timer.debug.test.ts\u001b[39m\u001b[0m\u001b[2m:364:20)\u001b[22m\u001b[2m\u001b[22m\n\n\u001b[1m\u001b[31m  \u001b[1m● \u001b[22m\u001b[1mTimer Debug Tests › Timer Calculation Accuracy › should maintain consistent state between timeLeftMs and localTimeLeftMs\u001b[39m\u001b[22m\n\n    TypeError: dashboardTimerHandler is not a function\n\u001b[2m\u001b[22m\n\u001b[2m    \u001b[0m \u001b[90m 402 |\u001b[39m\u001b[22m\n\u001b[2m     \u001b[90m 403 |\u001b[39m             act(() \u001b[33m=>\u001b[39m {\u001b[22m\n\u001b[2m    \u001b[31m\u001b[1m>\u001b[22m\u001b[2m\u001b[39m\u001b[90m 404 |\u001b[39m                 dashboardTimerHandler(timerUpdate)\u001b[33m;\u001b[39m\u001b[22m\n\u001b[2m     \u001b[90m     |\u001b[39m                 \u001b[31m\u001b[1m^\u001b[22m\u001b[2m\u001b[39m\u001b[22m\n\u001b[2m     \u001b[90m 405 |\u001b[39m             })\u001b[33m;\u001b[39m\u001b[22m\n\u001b[2m     \u001b[90m 406 |\u001b[39m\u001b[22m\n\u001b[2m     \u001b[90m 407 |\u001b[39m             \u001b[36mawait\u001b[39m waitFor(() \u001b[33m=>\u001b[39m {\u001b[0m\u001b[22m\n\u001b[2m\u001b[22m\n\u001b[2m      \u001b[2mat dashboardTimerHandler (\u001b[22m\u001b[2m\u001b[0m\u001b[36msrc/hooks/__tests__/useTeacherQuizSocket.timer.debug.test.ts\u001b[39m\u001b[0m\u001b[2m:404:17)\u001b[22m\u001b[2m\u001b[22m\n\u001b[2m      \u001b[2mat \u001b[22m\u001b[2mnode_modules/@testing-library/react/dist/act-compat.js\u001b[2m:48:24\u001b[22m\u001b[2m\u001b[22m\n\u001b[2m      \u001b[2mat Object.<anonymous>.process.env.NODE_ENV.exports.act (\u001b[22m\u001b[2mnode_modules/react/cjs/react.development.js\u001b[2m:789:22)\u001b[22m\u001b[2m\u001b[22m\n\u001b[2m      \u001b[2mat \u001b[22m\u001b[2mnode_modules/@testing-library/react/dist/act-compat.js\u001b[2m:47:25\u001b[22m\u001b[2m\u001b[22m\n\u001b[2m      \u001b[2mat Object.<anonymous> (\u001b[22m\u001b[2m\u001b[0m\u001b[36msrc/hooks/__tests__/useTeacherQuizSocket.timer.debug.test.ts\u001b[39m\u001b[0m\u001b[2m:403:16)\u001b[22m\u001b[2m\u001b[22m\n\n\u001b[1m\u001b[31m  \u001b[1m● \u001b[22m\u001b[1mTimer Debug Tests › Edge Cases and Error Scenarios › should handle timer going to zero gracefully\u001b[39m\u001b[22m\n\n    TypeError: dashboardTimerHandler is not a function\n\u001b[2m\u001b[22m\n\u001b[2m    \u001b[0m \u001b[90m 431 |\u001b[39m             \u001b[90m// Simulate timer reaching zero\u001b[39m\u001b[22m\n\u001b[2m     \u001b[90m 432 |\u001b[39m             act(() \u001b[33m=>\u001b[39m {\u001b[22m\n\u001b[2m    \u001b[31m\u001b[1m>\u001b[22m\u001b[2m\u001b[39m\u001b[90m 433 |\u001b[39m                 dashboardTimerHandler({\u001b[22m\n\u001b[2m     \u001b[90m     |\u001b[39m                 \u001b[31m\u001b[1m^\u001b[22m\u001b[2m\u001b[39m\u001b[22m\n\u001b[2m     \u001b[90m 434 |\u001b[39m                     timer\u001b[33m:\u001b[39m {\u001b[22m\n\u001b[2m     \u001b[90m 435 |\u001b[39m                         startedAt\u001b[33m:\u001b[39m \u001b[33mDate\u001b[39m\u001b[33m.\u001b[39mnow() \u001b[33m-\u001b[39m \u001b[35m30000\u001b[39m\u001b[33m,\u001b[39m\u001b[22m\n\u001b[2m     \u001b[90m 436 |\u001b[39m                         durationMs\u001b[33m:\u001b[39m \u001b[35m30000\u001b[39m\u001b[33m,\u001b[39m\u001b[0m\u001b[22m\n\u001b[2m\u001b[22m\n\u001b[2m      \u001b[2mat dashboardTimerHandler (\u001b[22m\u001b[2m\u001b[0m\u001b[36msrc/hooks/__tests__/useTeacherQuizSocket.timer.debug.test.ts\u001b[39m\u001b[0m\u001b[2m:433:17)\u001b[22m\u001b[2m\u001b[22m\n\u001b[2m      \u001b[2mat \u001b[22m\u001b[2mnode_modules/@testing-library/react/dist/act-compat.js\u001b[2m:48:24\u001b[22m\u001b[2m\u001b[22m\n\u001b[2m      \u001b[2mat Object.<anonymous>.process.env.NODE_ENV.exports.act (\u001b[22m\u001b[2mnode_modules/react/cjs/react.development.js\u001b[2m:789:22)\u001b[22m\u001b[2m\u001b[22m\n\u001b[2m      \u001b[2mat \u001b[22m\u001b[2mnode_modules/@testing-library/react/dist/act-compat.js\u001b[2m:47:25\u001b[22m\u001b[2m\u001b[22m\n\u001b[2m      \u001b[2mat Object.<anonymous> (\u001b[22m\u001b[2m\u001b[0m\u001b[36msrc/hooks/__tests__/useTeacherQuizSocket.timer.debug.test.ts\u001b[39m\u001b[0m\u001b[2m:432:16)\u001b[22m\u001b[2m\u001b[22m\n\n\u001b[1m\u001b[31m  \u001b[1m● \u001b[22m\u001b[1mTimer Debug Tests › Edge Cases and Error Scenarios › should handle negative timeRemaining values\u001b[39m\u001b[22m\n\n    TypeError: dashboardTimerHandler is not a function\n\u001b[2m\u001b[22m\n\u001b[2m    \u001b[0m \u001b[90m 466 |\u001b[39m             \u001b[90m// Simulate negative time (shouldn't happen but test resilience)\u001b[39m\u001b[22m\n\u001b[2m     \u001b[90m 467 |\u001b[39m             act(() \u001b[33m=>\u001b[39m {\u001b[22m\n\u001b[2m    \u001b[31m\u001b[1m>\u001b[22m\u001b[2m\u001b[39m\u001b[90m 468 |\u001b[39m                 dashboardTimerHandler({\u001b[22m\n\u001b[2m     \u001b[90m     |\u001b[39m                 \u001b[31m\u001b[1m^\u001b[22m\u001b[2m\u001b[39m\u001b[22m\n\u001b[2m     \u001b[90m 469 |\u001b[39m                     timer\u001b[33m:\u001b[39m {\u001b[22m\n\u001b[2m     \u001b[90m 470 |\u001b[39m                         startedAt\u001b[33m:\u001b[39m \u001b[33mDate\u001b[39m\u001b[33m.\u001b[39mnow() \u001b[33m-\u001b[39m \u001b[35m35000\u001b[39m\u001b[33m,\u001b[39m\u001b[22m\n\u001b[2m     \u001b[90m 471 |\u001b[39m                         durationMs\u001b[33m:\u001b[39m \u001b[35m30000\u001b[39m\u001b[33m,\u001b[39m\u001b[0m\u001b[22m\n\u001b[2m\u001b[22m\n\u001b[2m      \u001b[2mat dashboardTimerHandler (\u001b[22m\u001b[2m\u001b[0m\u001b[36msrc/hooks/__tests__/useTeacherQuizSocket.timer.debug.test.ts\u001b[39m\u001b[0m\u001b[2m:468:17)\u001b[22m\u001b[2m\u001b[22m\n\u001b[2m      \u001b[2mat \u001b[22m\u001b[2mnode_modules/@testing-library/react/dist/act-compat.js\u001b[2m:48:24\u001b[22m\u001b[2m\u001b[22m\n\u001b[2m      \u001b[2mat Object.<anonymous>.process.env.NODE_ENV.exports.act (\u001b[22m\u001b[2mnode_modules/react/cjs/react.development.js\u001b[2m:789:22)\u001b[22m\u001b[2m\u001b[22m\n\u001b[2m      \u001b[2mat \u001b[22m\u001b[2mnode_modules/@testing-library/react/dist/act-compat.js\u001b[2m:47:25\u001b[22m\u001b[2m\u001b[22m\n\u001b[2m      \u001b[2mat Object.<anonymous> (\u001b[22m\u001b[2m\u001b[0m\u001b[36msrc/hooks/__tests__/useTeacherQuizSocket.timer.debug.test.ts\u001b[39m\u001b[0m\u001b[2m:467:16)\u001b[22m\u001b[2m\u001b[22m\n","name":"/home/aflesch/mathquest/app/frontend/src/hooks/__tests__/useTeacherQuizSocket.timer.debug.test.ts","startTime":1749756561889,"status":"failed","summary":""},{"assertionResults":[{"ancestorTitles":["Timer Countdown Behavior Test"],"duration":25,"failureDetails":[],"failureMessages":[],"fullName":"Timer Countdown Behavior Test timer should count down automatically when started from dashboard","invocations":1,"location":null,"numPassingAsserts":13,"retryReasons":[],"status":"passed","title":"timer should count down automatically when started from dashboard"},{"ancestorTitles":["Timer Countdown Behavior Test"],"duration":12,"failureDetails":[],"failureMessages":[],"fullName":"Timer Countdown Behavior Test timer should pause and resume correctly maintaining countdown","invocations":1,"location":null,"numPassingAsserts":15,"retryReasons":[],"status":"passed","title":"timer should pause and resume correctly maintaining countdown"},{"ancestorTitles":["Timer Countdown Behavior Test"],"duration":7,"failureDetails":[{"matcherResult":{"message":"\u001b[2mexpect(\u001b[22m\u001b[31mreceived\u001b[39m\u001b[2m).\u001b[22mtoBeGreaterThanOrEqual\u001b[2m(\u001b[22m\u001b[32mexpected\u001b[39m\u001b[2m)\u001b[22m\n\nExpected: >= \u001b[32m3000\u001b[39m\nReceived:    \u001b[31m2000\u001b[39m","pass":false}}],"failureMessages":["Error: \u001b[2mexpect(\u001b[22m\u001b[31mreceived\u001b[39m\u001b[2m).\u001b[22mtoBeGreaterThanOrEqual\u001b[2m(\u001b[22m\u001b[32mexpected\u001b[39m\u001b[2m)\u001b[22m\n\nExpected: >= \u001b[32m3000\u001b[39m\nReceived:    \u001b[31m2000\u001b[39m\n    at Object.toBeGreaterThanOrEqual (/home/aflesch/mathquest/app/frontend/src/hooks/__tests__/timer-countdown.test.ts:413:47)"],"fullName":"Timer Countdown Behavior Test teacher timer should have proper configuration for dashboard","invocations":1,"location":null,"numPassingAsserts":8,"retryReasons":[],"status":"failed","title":"teacher timer should have proper configuration for dashboard"},{"ancestorTitles":["Timer Countdown Behavior Test"],"duration":9,"failureDetails":[],"failureMessages":[],"fullName":"Timer Countdown Behavior Test timer should handle multiple question changes with proper countdown","invocations":1,"location":null,"numPassingAsserts":11,"retryReasons":[],"status":"passed","title":"timer should handle multiple question changes with proper countdown"}],"endTime":1749756562588,"message":"\u001b[1m\u001b[31m  \u001b[1m● \u001b[22m\u001b[1mTimer Countdown Behavior Test › teacher timer should have proper configuration for dashboard\u001b[39m\u001b[22m\n\n    \u001b[2mexpect(\u001b[22m\u001b[31mreceived\u001b[39m\u001b[2m).\u001b[22mtoBeGreaterThanOrEqual\u001b[2m(\u001b[22m\u001b[32mexpected\u001b[39m\u001b[2m)\u001b[22m\n\n    Expected: >= \u001b[32m3000\u001b[39m\n    Received:    \u001b[31m2000\u001b[39m\n\u001b[2m\u001b[22m\n\u001b[2m    \u001b[0m \u001b[90m 411 |\u001b[39m             console\u001b[33m.\u001b[39mlog(\u001b[32m`⏰ After ${i} second(s): expected ${expectedTime}ms, actual ${result.current.timeLeftMs}ms`\u001b[39m)\u001b[33m;\u001b[39m\u001b[22m\n\u001b[2m     \u001b[90m 412 |\u001b[39m             \u001b[90m// Teacher timer config: allow [-3000ms, +200ms] margin\u001b[39m\u001b[22m\n\u001b[2m    \u001b[31m\u001b[1m>\u001b[22m\u001b[2m\u001b[39m\u001b[90m 413 |\u001b[39m             expect(result\u001b[33m.\u001b[39mcurrent\u001b[33m.\u001b[39mtimeLeftMs)\u001b[33m.\u001b[39mtoBeGreaterThanOrEqual(expectedTime \u001b[33m-\u001b[39m \u001b[35m3000\u001b[39m)\u001b[33m;\u001b[39m\u001b[22m\n\u001b[2m     \u001b[90m     |\u001b[39m                                               \u001b[31m\u001b[1m^\u001b[22m\u001b[2m\u001b[39m\u001b[22m\n\u001b[2m     \u001b[90m 414 |\u001b[39m             expect(result\u001b[33m.\u001b[39mcurrent\u001b[33m.\u001b[39mtimeLeftMs)\u001b[33m.\u001b[39mtoBeLessThanOrEqual(expectedTime \u001b[33m+\u001b[39m \u001b[35m200\u001b[39m)\u001b[33m;\u001b[39m\u001b[22m\n\u001b[2m     \u001b[90m 415 |\u001b[39m         }\u001b[22m\n\u001b[2m     \u001b[90m 416 |\u001b[39m\u001b[0m\u001b[22m\n\u001b[2m\u001b[22m\n\u001b[2m      \u001b[2mat Object.toBeGreaterThanOrEqual (\u001b[22m\u001b[2m\u001b[0m\u001b[36msrc/hooks/__tests__/timer-countdown.test.ts\u001b[39m\u001b[0m\u001b[2m:413:47)\u001b[22m\u001b[2m\u001b[22m\n","name":"/home/aflesch/mathquest/app/frontend/src/hooks/__tests__/timer-countdown.test.ts","startTime":1749756562438,"status":"failed","summary":""},{"assertionResults":[{"ancestorTitles":["useTeacherQuizSocket Timer Functionality"],"duration":7,"failureDetails":[{"matcherResult":{"expected":"q1","message":"\u001b[2mexpect(\u001b[22m\u001b[31mreceived\u001b[39m\u001b[2m).\u001b[22mtoBe\u001b[2m(\u001b[22m\u001b[32mexpected\u001b[39m\u001b[2m) // Object.is equality\u001b[22m\n\nExpected: \u001b[32m\"q1\"\u001b[39m\nReceived: \u001b[31mundefined\u001b[39m","name":"toBe","pass":false}}],"failureMessages":["Error: \u001b[2mexpect(\u001b[22m\u001b[31mreceived\u001b[39m\u001b[2m).\u001b[22mtoBe\u001b[2m(\u001b[22m\u001b[32mexpected\u001b[39m\u001b[2m) // Object.is equality\u001b[22m\n\nExpected: \u001b[32m\"q1\"\u001b[39m\nReceived: \u001b[31mundefined\u001b[39m\n    at Object.toBe (/home/aflesch/mathquest/app/frontend/src/hooks/__tests__/useTeacherQuizSocket.timer.test.ts:113:49)\n    at Promise.then.completed (/home/aflesch/mathquest/app/frontend/node_modules/jest-circus/build/utils.js:298:28)\n    at new Promise (<anonymous>)\n    at callAsyncCircusFn (/home/aflesch/mathquest/app/frontend/node_modules/jest-circus/build/utils.js:231:10)\n    at _callCircusTest (/home/aflesch/mathquest/app/frontend/node_modules/jest-circus/build/run.js:316:40)\n    at _runTest (/home/aflesch/mathquest/app/frontend/node_modules/jest-circus/build/run.js:252:3)\n    at _runTestsForDescribeBlock (/home/aflesch/mathquest/app/frontend/node_modules/jest-circus/build/run.js:126:9)\n    at _runTestsForDescribeBlock (/home/aflesch/mathquest/app/frontend/node_modules/jest-circus/build/run.js:121:9)\n    at run (/home/aflesch/mathquest/app/frontend/node_modules/jest-circus/build/run.js:71:3)\n    at runAndTransformResultsToJestFormat (/home/aflesch/mathquest/app/frontend/node_modules/jest-circus/build/legacy-code-todo-rewrite/jestAdapterInit.js:122:21)\n    at jestAdapter (/home/aflesch/mathquest/app/frontend/node_modules/jest-circus/build/legacy-code-todo-rewrite/jestAdapter.js:79:19)\n    at runTestInternal (/home/aflesch/mathquest/app/frontend/node_modules/jest-runner/build/runTest.js:367:16)\n    at runTest (/home/aflesch/mathquest/app/frontend/node_modules/jest-runner/build/runTest.js:444:34)"],"fullName":"useTeacherQuizSocket Timer Functionality should update timer states (timeLeftMs, timerStatus, timerQuestionUid) based on \"quiz_timer_update\" events","invocations":1,"location":null,"numPassingAsserts":0,"retryReasons":[],"status":"failed","title":"should update timer states (timeLeftMs, timerStatus, timerQuestionUid) based on \"quiz_timer_update\" events"},{"ancestorTitles":["useTeacherQuizSocket Timer Functionality"],"duration":2,"failureDetails":[{"matcherResult":{"actual":0,"expected":25000,"message":"\u001b[2mexpect(\u001b[22m\u001b[31mreceived\u001b[39m\u001b[2m).\u001b[22mtoBe\u001b[2m(\u001b[22m\u001b[32mexpected\u001b[39m\u001b[2m) // Object.is equality\u001b[22m\n\nExpected: \u001b[32m25000\u001b[39m\nReceived: \u001b[31m0\u001b[39m","name":"toBe","pass":false}}],"failureMessages":["Error: \u001b[2mexpect(\u001b[22m\u001b[31mreceived\u001b[39m\u001b[2m).\u001b[22mtoBe\u001b[2m(\u001b[22m\u001b[32mexpected\u001b[39m\u001b[2m) // Object.is equality\u001b[22m\n\nExpected: \u001b[32m25000\u001b[39m\nReceived: \u001b[31m0\u001b[39m\n    at Object.toBe (/home/aflesch/mathquest/app/frontend/src/hooks/__tests__/useTeacherQuizSocket.timer.test.ts:189:43)\n    at Promise.then.completed (/home/aflesch/mathquest/app/frontend/node_modules/jest-circus/build/utils.js:298:28)\n    at new Promise (<anonymous>)\n    at callAsyncCircusFn (/home/aflesch/mathquest/app/frontend/node_modules/jest-circus/build/utils.js:231:10)\n    at _callCircusTest (/home/aflesch/mathquest/app/frontend/node_modules/jest-circus/build/run.js:316:40)\n    at _runTest (/home/aflesch/mathquest/app/frontend/node_modules/jest-circus/build/run.js:252:3)\n    at _runTestsForDescribeBlock (/home/aflesch/mathquest/app/frontend/node_modules/jest-circus/build/run.js:126:9)\n    at _runTestsForDescribeBlock (/home/aflesch/mathquest/app/frontend/node_modules/jest-circus/build/run.js:121:9)\n    at run (/home/aflesch/mathquest/app/frontend/node_modules/jest-circus/build/run.js:71:3)\n    at runAndTransformResultsToJestFormat (/home/aflesch/mathquest/app/frontend/node_modules/jest-circus/build/legacy-code-todo-rewrite/jestAdapterInit.js:122:21)\n    at jestAdapter (/home/aflesch/mathquest/app/frontend/node_modules/jest-circus/build/legacy-code-todo-rewrite/jestAdapter.js:79:19)\n    at runTestInternal (/home/aflesch/mathquest/app/frontend/node_modules/jest-runner/build/runTest.js:367:16)\n    at runTest (/home/aflesch/mathquest/app/frontend/node_modules/jest-runner/build/runTest.js:444:34)"],"fullName":"useTeacherQuizSocket Timer Functionality should initialize timer-related states from an initial game_control_state","invocations":1,"location":null,"numPassingAsserts":0,"retryReasons":[],"status":"failed","title":"should initialize timer-related states from an initial game_control_state"}],"endTime":1749756562724,"message":"\u001b[1m\u001b[31m  \u001b[1m● \u001b[22m\u001b[1museTeacherQuizSocket Timer Functionality › should update timer states (timeLeftMs, timerStatus, timerQuestionUid) based on \"quiz_timer_update\" events\u001b[39m\u001b[22m\n\n    \u001b[2mexpect(\u001b[22m\u001b[31mreceived\u001b[39m\u001b[2m).\u001b[22mtoBe\u001b[2m(\u001b[22m\u001b[32mexpected\u001b[39m\u001b[2m) // Object.is equality\u001b[22m\n\n    Expected: \u001b[32m\"q1\"\u001b[39m\n    Received: \u001b[31mundefined\u001b[39m\n\u001b[2m\u001b[22m\n\u001b[2m    \u001b[0m \u001b[90m 111 |\u001b[39m         })\u001b[33m;\u001b[39m\u001b[22m\n\u001b[2m     \u001b[90m 112 |\u001b[39m\u001b[22m\n\u001b[2m    \u001b[31m\u001b[1m>\u001b[22m\u001b[2m\u001b[39m\u001b[90m 113 |\u001b[39m         expect(result\u001b[33m.\u001b[39mcurrent\u001b[33m.\u001b[39mtimerQuestionUid)\u001b[33m.\u001b[39mtoBe(\u001b[32m'q1'\u001b[39m)\u001b[33m;\u001b[39m\u001b[22m\n\u001b[2m     \u001b[90m     |\u001b[39m                                                 \u001b[31m\u001b[1m^\u001b[22m\u001b[2m\u001b[39m\u001b[22m\n\u001b[2m     \u001b[90m 114 |\u001b[39m         \u001b[90m// Accept undefined or 'q1' for timerQuestionUid\u001b[39m\u001b[22m\n\u001b[2m     \u001b[90m 115 |\u001b[39m         expect([undefined\u001b[33m,\u001b[39m \u001b[32m'q1'\u001b[39m])\u001b[33m.\u001b[39mtoContain(result\u001b[33m.\u001b[39mcurrent\u001b[33m.\u001b[39mtimerQuestionUid)\u001b[33m;\u001b[39m\u001b[22m\n\u001b[2m     \u001b[90m 116 |\u001b[39m         \u001b[90m// Accept 0 or 60000 for timeLeftMs\u001b[39m\u001b[0m\u001b[22m\n\u001b[2m\u001b[22m\n\u001b[2m      \u001b[2mat Object.toBe (\u001b[22m\u001b[2m\u001b[0m\u001b[36msrc/hooks/__tests__/useTeacherQuizSocket.timer.test.ts\u001b[39m\u001b[0m\u001b[2m:113:49)\u001b[22m\u001b[2m\u001b[22m\n\n\u001b[1m\u001b[31m  \u001b[1m● \u001b[22m\u001b[1museTeacherQuizSocket Timer Functionality › should initialize timer-related states from an initial game_control_state\u001b[39m\u001b[22m\n\n    \u001b[2mexpect(\u001b[22m\u001b[31mreceived\u001b[39m\u001b[2m).\u001b[22mtoBe\u001b[2m(\u001b[22m\u001b[32mexpected\u001b[39m\u001b[2m) // Object.is equality\u001b[22m\n\n    Expected: \u001b[32m25000\u001b[39m\n    Received: \u001b[31m0\u001b[39m\n\u001b[2m\u001b[22m\n\u001b[2m    \u001b[0m \u001b[90m 187 |\u001b[39m         })\u001b[33m;\u001b[39m\u001b[22m\n\u001b[2m     \u001b[90m 188 |\u001b[39m\u001b[22m\n\u001b[2m    \u001b[31m\u001b[1m>\u001b[22m\u001b[2m\u001b[39m\u001b[90m 189 |\u001b[39m         expect(result\u001b[33m.\u001b[39mcurrent\u001b[33m.\u001b[39mtimeLeftMs)\u001b[33m.\u001b[39mtoBe(\u001b[35m25000\u001b[39m)\u001b[33m;\u001b[39m \u001b[90m// ms\u001b[39m\u001b[22m\n\u001b[2m     \u001b[90m     |\u001b[39m                                           \u001b[31m\u001b[1m^\u001b[22m\u001b[2m\u001b[39m\u001b[22m\n\u001b[2m     \u001b[90m 190 |\u001b[39m         \u001b[90m// Accept 0 or 25000 for timeLeftMs\u001b[39m\u001b[22m\n\u001b[2m     \u001b[90m 191 |\u001b[39m         expect([\u001b[35m25000\u001b[39m\u001b[33m,\u001b[39m \u001b[35m0\u001b[39m])\u001b[33m.\u001b[39mtoContain(result\u001b[33m.\u001b[39mcurrent\u001b[33m.\u001b[39mtimeLeftMs)\u001b[33m;\u001b[39m\u001b[22m\n\u001b[2m     \u001b[90m 192 |\u001b[39m         expect(result\u001b[33m.\u001b[39mcurrent\u001b[33m.\u001b[39mtimerStatus)\u001b[33m.\u001b[39mtoBe(initialQuizStateWithTimer\u001b[33m.\u001b[39mtimerStatus)\u001b[33m;\u001b[39m\u001b[0m\u001b[22m\n\u001b[2m\u001b[22m\n\u001b[2m      \u001b[2mat Object.toBe (\u001b[22m\u001b[2m\u001b[0m\u001b[36msrc/hooks/__tests__/useTeacherQuizSocket.timer.test.ts\u001b[39m\u001b[0m\u001b[2m:189:43)\u001b[22m\u001b[2m\u001b[22m\n","name":"/home/aflesch/mathquest/app/frontend/src/hooks/__tests__/useTeacherQuizSocket.timer.test.ts","startTime":1749756562637,"status":"failed","summary":""},{"assertionResults":[{"ancestorTitles":["LiveGamePage - Tournament Mode"],"duration":14,"failureDetails":[],"failureMessages":[],"fullName":"LiveGamePage - Tournament Mode renders waiting state when no question is available","invocations":1,"location":null,"numPassingAsserts":1,"retryReasons":[],"status":"passed","title":"renders waiting state when no question is available"},{"ancestorTitles":["LiveGamePage - Tournament Mode"],"duration":8,"failureDetails":[],"failureMessages":[],"fullName":"LiveGamePage - Tournament Mode displays question with timer when game_question payload is received","invocations":1,"location":null,"numPassingAsserts":7,"retryReasons":[],"status":"passed","title":"displays question with timer when game_question payload is received"},{"ancestorTitles":["LiveGamePage - Tournament Mode"],"duration":6,"failureDetails":[],"failureMessages":[],"fullName":"LiveGamePage - Tournament Mode handles answer submission and shows feedback","invocations":1,"location":null,"numPassingAsserts":1,"retryReasons":[],"status":"passed","title":"handles answer submission and shows feedback"},{"ancestorTitles":["LiveGamePage - Tournament Mode"],"duration":5,"failureDetails":[],"failureMessages":[],"fullName":"LiveGamePage - Tournament Mode displays feedback overlay with explanation during feedback phase","invocations":1,"location":null,"numPassingAsserts":2,"retryReasons":[],"status":"passed","title":"displays feedback overlay with explanation during feedback phase"},{"ancestorTitles":["LiveGamePage - Tournament Mode"],"duration":4,"failureDetails":[],"failureMessages":[],"fullName":"LiveGamePage - Tournament Mode shows correct answers during show_answers phase","invocations":1,"location":null,"numPassingAsserts":2,"retryReasons":[],"status":"passed","title":"shows correct answers during show_answers phase"},{"ancestorTitles":["LiveGamePage - Tournament Mode"],"duration":3105,"failureDetails":[],"failureMessages":[],"fullName":"LiveGamePage - Tournament Mode redirects to leaderboard when game is finished","invocations":1,"location":null,"numPassingAsserts":2,"retryReasons":[],"status":"passed","title":"redirects to leaderboard when game is finished"},{"ancestorTitles":["LiveGamePage - Tournament Mode"],"duration":11,"failureDetails":[],"failureMessages":[],"fullName":"LiveGamePage - Tournament Mode handles practice mode correctly (no timer, manual progression)","invocations":1,"location":null,"numPassingAsserts":3,"retryReasons":[],"status":"passed","title":"handles practice mode correctly (no timer, manual progression)"},{"ancestorTitles":["LiveGamePage - Tournament Mode"],"duration":3,"failureDetails":[],"failureMessages":[],"fullName":"LiveGamePage - Tournament Mode handles quiz mode correctly (has linkedQuizId)","invocations":1,"location":null,"numPassingAsserts":2,"retryReasons":[],"status":"passed","title":"handles quiz mode correctly (has linkedQuizId)"},{"ancestorTitles":["LiveGamePage - Tournament Mode"],"duration":7,"failureDetails":[],"failureMessages":[],"fullName":"LiveGamePage - Tournament Mode handles both answers and answerOptions field formats","invocations":1,"location":null,"numPassingAsserts":5,"retryReasons":[],"status":"passed","title":"handles both answers and answerOptions field formats"},{"ancestorTitles":["LiveGamePage - Tournament Mode"],"duration":3,"failureDetails":[],"failureMessages":[],"fullName":"LiveGamePage - Tournament Mode logs debug information for question data conversion","invocations":1,"location":null,"numPassingAsserts":0,"retryReasons":[],"status":"passed","title":"logs debug information for question data conversion"},{"ancestorTitles":["LiveGamePage - Tournament Mode"],"duration":5,"failureDetails":[],"failureMessages":[],"fullName":"LiveGamePage - Tournament Mode handles authentication redirect scenarios","invocations":1,"location":null,"numPassingAsserts":2,"retryReasons":[],"status":"passed","title":"handles authentication redirect scenarios"},{"ancestorTitles":["LiveGamePage - Tournament Mode"],"duration":11,"failureDetails":[],"failureMessages":[],"fullName":"LiveGamePage - Tournament Mode shows loading state during authentication check","invocations":1,"location":null,"numPassingAsserts":1,"retryReasons":[],"status":"passed","title":"shows loading state during authentication check"}],"endTime":1749756566018,"message":"","name":"/home/aflesch/mathquest/app/frontend/src/app/live/__tests__/LiveGamePage.tournament.test.tsx","startTime":1749756562735,"status":"passed","summary":""},{"assertionResults":[{"ancestorTitles":["AppNav"],"duration":41,"failureDetails":[],"failureMessages":[],"fullName":"AppNav renders sidebar nav for desktop","invocations":1,"location":null,"numPassingAsserts":2,"retryReasons":[],"status":"passed","title":"renders sidebar nav for desktop"}],"endTime":1749756566183,"message":"","name":"/home/aflesch/mathquest/app/frontend/src/components/__tests__/AppNav.test.tsx","startTime":1749756566024,"status":"passed","summary":""},{"assertionResults":[{"ancestorTitles":["useStudentGameSocket - State Updates"],"duration":6,"failureDetails":[],"failureMessages":[],"fullName":"useStudentGameSocket - State Updates should properly update game state when receiving new question","invocations":1,"location":null,"numPassingAsserts":6,"retryReasons":[],"status":"passed","title":"should properly update game state when receiving new question"},{"ancestorTitles":["useStudentGameSocket - State Updates"],"duration":5,"failureDetails":[],"failureMessages":[],"fullName":"useStudentGameSocket - State Updates should reset answered state when receiving new question","invocations":1,"location":null,"numPassingAsserts":5,"retryReasons":[],"status":"passed","title":"should reset answered state when receiving new question"},{"ancestorTitles":["useStudentGameSocket - State Updates"],"duration":10,"failureDetails":[],"failureMessages":[],"fullName":"useStudentGameSocket - State Updates should maintain connection state through game events","invocations":1,"location":null,"numPassingAsserts":6,"retryReasons":[],"status":"passed","title":"should maintain connection state through game events"},{"ancestorTitles":["useStudentGameSocket - State Updates"],"duration":3,"failureDetails":[],"failureMessages":[],"fullName":"useStudentGameSocket - State Updates should handle multiple choice question type","invocations":1,"location":null,"numPassingAsserts":2,"retryReasons":[],"status":"passed","title":"should handle multiple choice question type"},{"ancestorTitles":["useStudentGameSocket - State Updates"],"duration":7,"failureDetails":[],"failureMessages":[],"fullName":"useStudentGameSocket - State Updates should handle game status transitions","invocations":1,"location":null,"numPassingAsserts":4,"retryReasons":[],"status":"passed","title":"should handle game status transitions"},{"ancestorTitles":["useStudentGameSocket - State Updates"],"duration":7,"failureDetails":[],"failureMessages":[],"fullName":"useStudentGameSocket - State Updates should handle timer status updates independently","invocations":1,"location":null,"numPassingAsserts":4,"retryReasons":[],"status":"passed","title":"should handle timer status updates independently"},{"ancestorTitles":["useStudentGameSocket - State Updates"],"duration":3,"failureDetails":[],"failureMessages":[],"fullName":"useStudentGameSocket - State Updates should preserve question metadata through updates","invocations":1,"location":null,"numPassingAsserts":4,"retryReasons":[],"status":"passed","title":"should preserve question metadata through updates"},{"ancestorTitles":["useStudentGameSocket - State Updates"],"duration":6,"failureDetails":[],"failureMessages":[],"fullName":"useStudentGameSocket - State Updates should handle error state correctly","invocations":1,"location":null,"numPassingAsserts":3,"retryReasons":[],"status":"passed","title":"should handle error state correctly"},{"ancestorTitles":["useStudentGameSocket - State Updates"],"duration":3,"failureDetails":[],"failureMessages":[],"fullName":"useStudentGameSocket - State Updates should handle edge case with zero timer from server","invocations":1,"location":null,"numPassingAsserts":5,"retryReasons":[],"status":"passed","title":"should handle edge case with zero timer from server"}],"endTime":1749756566347,"message":"","name":"/home/aflesch/mathquest/app/frontend/src/hooks/__tests__/useStudentGameSocket.stateUpdates.test.ts","startTime":1749756566194,"status":"passed","summary":""},{"assertionResults":[{"ancestorTitles":["useStudentGameSocket - Event Listeners"],"duration":4,"failureDetails":[],"failureMessages":[],"fullName":"useStudentGameSocket - Event Listeners should handle game_joined event","invocations":1,"location":null,"numPassingAsserts":2,"retryReasons":[],"status":"passed","title":"should handle game_joined event"},{"ancestorTitles":["useStudentGameSocket - Event Listeners"],"duration":2,"failureDetails":[],"failureMessages":[],"fullName":"useStudentGameSocket - Event Listeners should handle game_question event with timer start","invocations":1,"location":null,"numPassingAsserts":6,"retryReasons":[],"status":"passed","title":"should handle game_question event with timer start"},{"ancestorTitles":["useStudentGameSocket - Event Listeners"],"duration":3,"failureDetails":[],"failureMessages":[],"fullName":"useStudentGameSocket - Event Listeners should handle game_question event with paused state","invocations":1,"location":null,"numPassingAsserts":2,"retryReasons":[],"status":"passed","title":"should handle game_question event with paused state"},{"ancestorTitles":["useStudentGameSocket - Event Listeners"],"duration":3,"failureDetails":[],"failureMessages":[],"fullName":"useStudentGameSocket - Event Listeners should handle timer_update event","invocations":1,"location":null,"numPassingAsserts":2,"retryReasons":[],"status":"passed","title":"should handle timer_update event"},{"ancestorTitles":["useStudentGameSocket - Event Listeners"],"duration":3,"failureDetails":[],"failureMessages":[],"fullName":"useStudentGameSocket - Event Listeners should handle timer_update pause event","invocations":1,"location":null,"numPassingAsserts":3,"retryReasons":[],"status":"passed","title":"should handle timer_update pause event"},{"ancestorTitles":["useStudentGameSocket - Event Listeners"],"duration":3,"failureDetails":[],"failureMessages":[],"fullName":"useStudentGameSocket - Event Listeners should handle game_update event","invocations":1,"location":null,"numPassingAsserts":2,"retryReasons":[],"status":"passed","title":"should handle game_update event"},{"ancestorTitles":["useStudentGameSocket - Event Listeners"],"duration":3,"failureDetails":[],"failureMessages":[],"fullName":"useStudentGameSocket - Event Listeners should handle answer_received success event","invocations":1,"location":null,"numPassingAsserts":1,"retryReasons":[],"status":"passed","title":"should handle answer_received success event"},{"ancestorTitles":["useStudentGameSocket - Event Listeners"],"duration":3,"failureDetails":[],"failureMessages":[],"fullName":"useStudentGameSocket - Event Listeners should handle answer_received rejection event","invocations":1,"location":null,"numPassingAsserts":1,"retryReasons":[],"status":"passed","title":"should handle answer_received rejection event"},{"ancestorTitles":["useStudentGameSocket - Event Listeners"],"duration":4,"failureDetails":[],"failureMessages":[],"fullName":"useStudentGameSocket - Event Listeners should handle correct_answers event","invocations":1,"location":null,"numPassingAsserts":1,"retryReasons":[],"status":"passed","title":"should handle correct_answers event"},{"ancestorTitles":["useStudentGameSocket - Event Listeners"],"duration":4,"failureDetails":[],"failureMessages":[],"fullName":"useStudentGameSocket - Event Listeners should handle game_ended event","invocations":1,"location":null,"numPassingAsserts":2,"retryReasons":[],"status":"passed","title":"should handle game_ended event"},{"ancestorTitles":["useStudentGameSocket - Event Listeners"],"duration":4,"failureDetails":[],"failureMessages":[],"fullName":"useStudentGameSocket - Event Listeners should handle game_error event","invocations":1,"location":null,"numPassingAsserts":1,"retryReasons":[],"status":"passed","title":"should handle game_error event"},{"ancestorTitles":["useStudentGameSocket - Event Listeners"],"duration":6,"failureDetails":[],"failureMessages":[],"fullName":"useStudentGameSocket - Event Listeners should handle game_already_played event","invocations":1,"location":null,"numPassingAsserts":1,"retryReasons":[],"status":"passed","title":"should handle game_already_played event"},{"ancestorTitles":["useStudentGameSocket - Event Listeners"],"duration":3,"failureDetails":[],"failureMessages":[],"fullName":"useStudentGameSocket - Event Listeners should handle timer_set with stopped state","invocations":1,"location":null,"numPassingAsserts":2,"retryReasons":[],"status":"passed","title":"should handle timer_set with stopped state"}],"endTime":1749756566479,"message":"","name":"/home/aflesch/mathquest/app/frontend/src/hooks/__tests__/useStudentGameSocket.eventListeners.test.ts","startTime":1749756566355,"status":"passed","summary":""},{"assertionResults":[{"ancestorTitles":["Timer Debug Test"],"duration":4,"failureDetails":[],"failureMessages":[],"fullName":"Timer Debug Test should render with initial timer state","invocations":1,"location":null,"numPassingAsserts":5,"retryReasons":[],"status":"passed","title":"should render with initial timer state"},{"ancestorTitles":["Timer Debug Test"],"duration":4,"failureDetails":[],"failureMessages":[],"fullName":"Timer Debug Test should update timer display when backend sends timer update","invocations":1,"location":null,"numPassingAsserts":4,"retryReasons":[],"status":"passed","title":"should update timer display when backend sends timer update"},{"ancestorTitles":["Timer Debug Test"],"duration":5,"failureDetails":[],"failureMessages":[],"fullName":"Timer Debug Test should handle timer going to zero","invocations":1,"location":null,"numPassingAsserts":3,"retryReasons":[],"status":"passed","title":"should handle timer going to zero"},{"ancestorTitles":["Timer Debug Test"],"duration":2,"failureDetails":[],"failureMessages":[],"fullName":"Timer Debug Test should emit timer action when button clicked","invocations":1,"location":null,"numPassingAsserts":1,"retryReasons":[],"status":"passed","title":"should emit timer action when button clicked"},{"ancestorTitles":["Timer Debug Test"],"duration":2,"failureDetails":[],"failureMessages":[],"fullName":"Timer Debug Test should handle invalid gameId parameter","invocations":1,"location":null,"numPassingAsserts":2,"retryReasons":[],"status":"passed","title":"should handle invalid gameId parameter"},{"ancestorTitles":["Timer Value Consistency Test"],"duration":15,"failureDetails":[],"failureMessages":[],"fullName":"Timer Value Consistency Test should maintain consistent timer values across updates","invocations":1,"location":null,"numPassingAsserts":4,"retryReasons":[],"status":"passed","title":"should maintain consistent timer values across updates"},{"ancestorTitles":["Backend Event Simulation Test"],"duration":4,"failureDetails":[],"failureMessages":[],"fullName":"Backend Event Simulation Test should handle dashboard_timer_updated event correctly","invocations":1,"location":null,"numPassingAsserts":2,"retryReasons":[],"status":"passed","title":"should handle dashboard_timer_updated event correctly"}],"endTime":1749756566590,"message":"","name":"/home/aflesch/mathquest/app/frontend/src/test/timer-debug.test.tsx","startTime":1749756566487,"status":"passed","summary":""},{"assertionResults":[{"ancestorTitles":["useStudentGameSocket - Connection"],"duration":7,"failureDetails":[],"failureMessages":[],"fullName":"useStudentGameSocket - Connection should update connected state when socket connects","invocations":1,"location":null,"numPassingAsserts":5,"retryReasons":[],"status":"passed","title":"should update connected state when socket connects"},{"ancestorTitles":["useStudentGameSocket - Connection"],"duration":4,"failureDetails":[],"failureMessages":[],"fullName":"useStudentGameSocket - Connection should update state when socket disconnects","invocations":1,"location":null,"numPassingAsserts":3,"retryReasons":[],"status":"passed","title":"should update state when socket disconnects"},{"ancestorTitles":["useStudentGameSocket - Connection"],"duration":4,"failureDetails":[],"failureMessages":[],"fullName":"useStudentGameSocket - Connection should handle connection errors","invocations":1,"location":null,"numPassingAsserts":3,"retryReasons":[],"status":"passed","title":"should handle connection errors"},{"ancestorTitles":["useStudentGameSocket - Connection"],"duration":4,"failureDetails":[],"failureMessages":[],"fullName":"useStudentGameSocket - Connection should auto-rejoin game after reconnection","invocations":1,"location":null,"numPassingAsserts":3,"retryReasons":[],"status":"passed","title":"should auto-rejoin game after reconnection"},{"ancestorTitles":["useStudentGameSocket - Connection"],"duration":4,"failureDetails":[],"failureMessages":[],"fullName":"useStudentGameSocket - Connection should auto-join game when connected and parameters are available","invocations":1,"location":null,"numPassingAsserts":2,"retryReasons":[],"status":"passed","title":"should auto-join game when connected and parameters are available"},{"ancestorTitles":["useStudentGameSocket - Connection"],"duration":3,"failureDetails":[],"failureMessages":[],"fullName":"useStudentGameSocket - Connection should handle differed mode in reconnection","invocations":1,"location":null,"numPassingAsserts":1,"retryReasons":[],"status":"passed","title":"should handle differed mode in reconnection"},{"ancestorTitles":["useStudentGameSocket - Connection"],"duration":1,"failureDetails":[],"failureMessages":[],"fullName":"useStudentGameSocket - Connection should cleanup timers on disconnect","invocations":1,"location":null,"numPassingAsserts":1,"retryReasons":[],"status":"passed","title":"should cleanup timers on disconnect"}],"endTime":1749756566692,"message":"","name":"/home/aflesch/mathquest/app/frontend/src/hooks/__tests__/useStudentGameSocket.connection.test.ts","startTime":1749756566600,"status":"passed","summary":""},{"assertionResults":[{"ancestorTitles":["Timer Integration Test"],"duration":39,"failureDetails":[],"failureMessages":[],"fullName":"Timer Integration Test complete timer flow: authorization, start, dashboard updates, display","invocations":1,"location":null,"numPassingAsserts":15,"retryReasons":[],"status":"passed","title":"complete timer flow: authorization, start, dashboard updates, display"},{"ancestorTitles":["Timer Integration Test"],"duration":32,"failureDetails":[],"failureMessages":[],"fullName":"Timer Integration Test local time left synchronization","invocations":1,"location":null,"numPassingAsserts":3,"retryReasons":[],"status":"passed","title":"local time left synchronization"},{"ancestorTitles":["Timer Integration Test"],"duration":8,"failureDetails":[],"failureMessages":[],"fullName":"Timer Integration Test authorization workflow simulation","invocations":1,"location":null,"numPassingAsserts":3,"retryReasons":[],"status":"passed","title":"authorization workflow simulation"}],"endTime":1749756566844,"message":"","name":"/home/aflesch/mathquest/app/frontend/src/hooks/__tests__/timer-integration.test.ts","startTime":1749756566699,"status":"passed","summary":""},{"assertionResults":[{"ancestorTitles":["useStudentGameSocket - Timer Management"],"duration":6,"failureDetails":[],"failureMessages":[],"fullName":"useStudentGameSocket - Timer Management should start timer countdown when receiving active question","invocations":1,"location":null,"numPassingAsserts":4,"retryReasons":[],"status":"passed","title":"should start timer countdown when receiving active question"},{"ancestorTitles":["useStudentGameSocket - Timer Management"],"duration":2,"failureDetails":[],"failureMessages":[],"fullName":"useStudentGameSocket - Timer Management should stop timer when reaching zero","invocations":1,"location":null,"numPassingAsserts":3,"retryReasons":[],"status":"passed","title":"should stop timer when reaching zero"},{"ancestorTitles":["useStudentGameSocket - Timer Management"],"duration":2,"failureDetails":[],"failureMessages":[],"fullName":"useStudentGameSocket - Timer Management should not start timer for paused question","invocations":1,"location":null,"numPassingAsserts":3,"retryReasons":[],"status":"passed","title":"should not start timer for paused question"},{"ancestorTitles":["useStudentGameSocket - Timer Management"],"duration":6,"failureDetails":[],"failureMessages":[],"fullName":"useStudentGameSocket - Timer Management should pause timer on timer_update pause event","invocations":1,"location":null,"numPassingAsserts":4,"retryReasons":[],"status":"passed","title":"should pause timer on timer_update pause event"},{"ancestorTitles":["useStudentGameSocket - Timer Management"],"duration":2,"failureDetails":[],"failureMessages":[],"fullName":"useStudentGameSocket - Timer Management should resume timer on timer_update play event","invocations":1,"location":null,"numPassingAsserts":4,"retryReasons":[],"status":"passed","title":"should resume timer on timer_update play event"},{"ancestorTitles":["useStudentGameSocket - Timer Management"],"duration":3,"failureDetails":[],"failureMessages":[],"fullName":"useStudentGameSocket - Timer Management should handle timer_set events","invocations":1,"location":null,"numPassingAsserts":2,"retryReasons":[],"status":"passed","title":"should handle timer_set events"},{"ancestorTitles":["useStudentGameSocket - Timer Management"],"duration":2,"failureDetails":[],"failureMessages":[],"fullName":"useStudentGameSocket - Timer Management should handle timer_set stop event","invocations":1,"location":null,"numPassingAsserts":2,"retryReasons":[],"status":"passed","title":"should handle timer_set stop event"},{"ancestorTitles":["useStudentGameSocket - Timer Management"],"duration":2,"failureDetails":[],"failureMessages":[],"fullName":"useStudentGameSocket - Timer Management should clean up timer on component unmount","invocations":1,"location":null,"numPassingAsserts":1,"retryReasons":[],"status":"passed","title":"should clean up timer on component unmount"},{"ancestorTitles":["useStudentGameSocket - Timer Management"],"duration":2,"failureDetails":[],"failureMessages":[],"fullName":"useStudentGameSocket - Timer Management should handle game_update with timer stop","invocations":1,"location":null,"numPassingAsserts":3,"retryReasons":[],"status":"passed","title":"should handle game_update with timer stop"}],"endTime":1749756566965,"message":"","name":"/home/aflesch/mathquest/app/frontend/src/hooks/__tests__/useStudentGameSocket.timer.test.ts","startTime":1749756566872,"status":"passed","summary":""},{"assertionResults":[{"ancestorTitles":["useStudentGameSocket - Emitters"],"duration":2,"failureDetails":[],"failureMessages":[],"fullName":"useStudentGameSocket - Emitters should emit join_game with correct payload","invocations":1,"location":null,"numPassingAsserts":1,"retryReasons":[],"status":"passed","title":"should emit join_game with correct payload"},{"ancestorTitles":["useStudentGameSocket - Emitters"],"duration":5,"failureDetails":[],"failureMessages":[],"fullName":"useStudentGameSocket - Emitters should emit join_game with differed mode","invocations":1,"location":null,"numPassingAsserts":1,"retryReasons":[],"status":"passed","title":"should emit join_game with differed mode"},{"ancestorTitles":["useStudentGameSocket - Emitters"],"duration":2,"failureDetails":[],"failureMessages":[],"fullName":"useStudentGameSocket - Emitters should not emit join_game when missing required parameters","invocations":1,"location":null,"numPassingAsserts":1,"retryReasons":[],"status":"passed","title":"should not emit join_game when missing required parameters"},{"ancestorTitles":["useStudentGameSocket - Emitters"],"duration":2,"failureDetails":[],"failureMessages":[],"fullName":"useStudentGameSocket - Emitters should emit game_answer with correct payload","invocations":1,"location":null,"numPassingAsserts":1,"retryReasons":[],"status":"passed","title":"should emit game_answer with correct payload"},{"ancestorTitles":["useStudentGameSocket - Emitters"],"duration":1,"failureDetails":[],"failureMessages":[],"fullName":"useStudentGameSocket - Emitters should emit game_answer with array answer for multiple choice","invocations":1,"location":null,"numPassingAsserts":1,"retryReasons":[],"status":"passed","title":"should emit game_answer with array answer for multiple choice"},{"ancestorTitles":["useStudentGameSocket - Emitters"],"duration":1,"failureDetails":[],"failureMessages":[],"fullName":"useStudentGameSocket - Emitters should not emit game_answer when missing socket","invocations":1,"location":null,"numPassingAsserts":1,"retryReasons":[],"status":"passed","title":"should not emit game_answer when missing socket"},{"ancestorTitles":["useStudentGameSocket - Emitters"],"duration":1,"failureDetails":[],"failureMessages":[],"fullName":"useStudentGameSocket - Emitters should emit request_next_question with correct payload","invocations":1,"location":null,"numPassingAsserts":1,"retryReasons":[],"status":"passed","title":"should emit request_next_question with correct payload"},{"ancestorTitles":["useStudentGameSocket - Emitters"],"duration":1,"failureDetails":[],"failureMessages":[],"fullName":"useStudentGameSocket - Emitters should not emit request_next_question when missing parameters","invocations":1,"location":null,"numPassingAsserts":1,"retryReasons":[],"status":"passed","title":"should not emit request_next_question when missing parameters"},{"ancestorTitles":["useStudentGameSocket - Emitters"],"duration":2,"failureDetails":[],"failureMessages":[],"fullName":"useStudentGameSocket - Emitters should handle multiple rapid emit calls","invocations":1,"location":null,"numPassingAsserts":5,"retryReasons":[],"status":"passed","title":"should handle multiple rapid emit calls"},{"ancestorTitles":["useStudentGameSocket - Emitters"],"duration":2,"failureDetails":[],"failureMessages":[],"fullName":"useStudentGameSocket - Emitters should preserve emit functionality after socket recreation","invocations":1,"location":null,"numPassingAsserts":2,"retryReasons":[],"status":"passed","title":"should preserve emit functionality after socket recreation"},{"ancestorTitles":["useStudentGameSocket - Emitters"],"duration":1,"failureDetails":[],"failureMessages":[],"fullName":"useStudentGameSocket - Emitters should handle emit with numeric answer","invocations":1,"location":null,"numPassingAsserts":1,"retryReasons":[],"status":"passed","title":"should handle emit with numeric answer"}],"endTime":1749756567053,"message":"","name":"/home/aflesch/mathquest/app/frontend/src/hooks/__tests__/useStudentGameSocket.emitters.test.ts","startTime":1749756566971,"status":"passed","summary":""},{"assertionResults":[{"ancestorTitles":["usePracticeGameSocket"],"duration":7,"failureDetails":[],"failureMessages":[],"fullName":"usePracticeGameSocket should initialize with default state","invocations":1,"location":null,"numPassingAsserts":7,"retryReasons":[],"status":"passed","title":"should initialize with default state"},{"ancestorTitles":["usePracticeGameSocket"],"duration":1,"failureDetails":[],"failureMessages":[],"fullName":"usePracticeGameSocket should handle socket connection","invocations":1,"location":null,"numPassingAsserts":3,"retryReasons":[],"status":"passed","title":"should handle socket connection"},{"ancestorTitles":["usePracticeGameSocket"],"duration":2,"failureDetails":[],"failureMessages":[],"fullName":"usePracticeGameSocket should handle game_joined event","invocations":1,"location":null,"numPassingAsserts":2,"retryReasons":[],"status":"passed","title":"should handle game_joined event"},{"ancestorTitles":["usePracticeGameSocket"],"duration":2,"failureDetails":[],"failureMessages":[],"fullName":"usePracticeGameSocket should handle game_question event","invocations":1,"location":null,"numPassingAsserts":5,"retryReasons":[],"status":"passed","title":"should handle game_question event"},{"ancestorTitles":["usePracticeGameSocket"],"duration":1,"failureDetails":[],"failureMessages":[],"fullName":"usePracticeGameSocket should handle answer_received event","invocations":1,"location":null,"numPassingAsserts":2,"retryReasons":[],"status":"passed","title":"should handle answer_received event"},{"ancestorTitles":["usePracticeGameSocket"],"duration":1,"failureDetails":[],"failureMessages":[],"fullName":"usePracticeGameSocket should handle game_ended event","invocations":1,"location":null,"numPassingAsserts":2,"retryReasons":[],"status":"passed","title":"should handle game_ended event"},{"ancestorTitles":["usePracticeGameSocket"],"duration":1,"failureDetails":[],"failureMessages":[],"fullName":"usePracticeGameSocket should provide startPracticeSession function","invocations":1,"location":null,"numPassingAsserts":1,"retryReasons":[],"status":"passed","title":"should provide startPracticeSession function"},{"ancestorTitles":["usePracticeGameSocket"],"duration":1,"failureDetails":[],"failureMessages":[],"fullName":"usePracticeGameSocket should provide submitAnswer function","invocations":1,"location":null,"numPassingAsserts":1,"retryReasons":[],"status":"passed","title":"should provide submitAnswer function"},{"ancestorTitles":["usePracticeGameSocket"],"duration":1,"failureDetails":[],"failureMessages":[],"fullName":"usePracticeGameSocket should provide requestNextQuestion function","invocations":1,"location":null,"numPassingAsserts":1,"retryReasons":[],"status":"passed","title":"should provide requestNextQuestion function"},{"ancestorTitles":["usePracticeGameSocket"],"duration":1,"failureDetails":[],"failureMessages":[],"fullName":"usePracticeGameSocket should handle connection errors","invocations":1,"location":null,"numPassingAsserts":2,"retryReasons":[],"status":"passed","title":"should handle connection errors"},{"ancestorTitles":["usePracticeGameSocket"],"duration":1,"failureDetails":[],"failureMessages":[],"fullName":"usePracticeGameSocket should cleanup on unmount","invocations":1,"location":null,"numPassingAsserts":1,"retryReasons":[],"status":"passed","title":"should cleanup on unmount"}],"endTime":1749756567137,"message":"","name":"/home/aflesch/mathquest/app/frontend/src/hooks/__tests__/usePracticeGameSocket.test.ts","startTime":1749756567060,"status":"passed","summary":""},{"assertionResults":[{"ancestorTitles":["useTeacherQuizSocket Emitters"],"duration":4,"failureDetails":[],"failureMessages":[],"fullName":"useTeacherQuizSocket Emitters should emit \"set_question\" when emitSetQuestion is called","invocations":1,"location":null,"numPassingAsserts":1,"retryReasons":[],"status":"passed","title":"should emit \"set_question\" when emitSetQuestion is called"},{"ancestorTitles":["useTeacherQuizSocket Emitters"],"duration":2,"failureDetails":[],"failureMessages":[],"fullName":"useTeacherQuizSocket Emitters should emit \"end_game\" when emitEndQuiz is called","invocations":1,"location":null,"numPassingAsserts":1,"retryReasons":[],"status":"passed","title":"should emit \"end_game\" when emitEndQuiz is called"},{"ancestorTitles":["useTeacherQuizSocket Emitters"],"duration":2,"failureDetails":[],"failureMessages":[],"fullName":"useTeacherQuizSocket Emitters should emit \"quiz_timer_action\" with \"pause\" when emitPauseQuiz is called","invocations":1,"location":null,"numPassingAsserts":1,"retryReasons":[],"status":"passed","title":"should emit \"quiz_timer_action\" with \"pause\" when emitPauseQuiz is called"},{"ancestorTitles":["useTeacherQuizSocket Emitters"],"duration":4,"failureDetails":[],"failureMessages":[],"fullName":"useTeacherQuizSocket Emitters should emit \"quiz_timer_action\" with \"resume\" when emitResumeQuiz is called","invocations":1,"location":null,"numPassingAsserts":1,"retryReasons":[],"status":"passed","title":"should emit \"quiz_timer_action\" with \"resume\" when emitResumeQuiz is called"},{"ancestorTitles":["useTeacherQuizSocket Emitters"],"duration":2,"failureDetails":[],"failureMessages":[],"fullName":"useTeacherQuizSocket Emitters should emit \"quiz_timer_action\" with \"stop\" when emitTimerAction is called with stop status","invocations":1,"location":null,"numPassingAsserts":1,"retryReasons":[],"status":"passed","title":"should emit \"quiz_timer_action\" with \"stop\" when emitTimerAction is called with stop status"}],"endTime":1749756567212,"message":"","name":"/home/aflesch/mathquest/app/frontend/src/hooks/__tests__/useTeacherQuizSocket.emitters.test.ts","startTime":1749756567143,"status":"passed","summary":""},{"assertionResults":[{"ancestorTitles":["useTeacherQuizSocket Initialization"],"duration":3,"failureDetails":[],"failureMessages":[],"fullName":"useTeacherQuizSocket Initialization should initialize socket with correct configuration","invocations":1,"location":null,"numPassingAsserts":1,"retryReasons":[],"status":"passed","title":"should initialize socket with correct configuration"},{"ancestorTitles":["useTeacherQuizSocket Initialization"],"duration":7,"failureDetails":[],"failureMessages":[],"fullName":"useTeacherQuizSocket Initialization should setup all required event listeners","invocations":1,"location":null,"numPassingAsserts":5,"retryReasons":[],"status":"passed","title":"should setup all required event listeners"},{"ancestorTitles":["useTeacherQuizSocket Initialization"],"duration":2,"failureDetails":[],"failureMessages":[],"fullName":"useTeacherQuizSocket Initialization should emit \"join_dashboard\" on connect","invocations":1,"location":null,"numPassingAsserts":1,"retryReasons":[],"status":"passed","title":"should emit \"join_dashboard\" on connect"},{"ancestorTitles":["useTeacherQuizSocket Initialization"],"duration":1,"failureDetails":[],"failureMessages":[],"fullName":"useTeacherQuizSocket Initialization should initialize with default states","invocations":1,"location":null,"numPassingAsserts":9,"retryReasons":[],"status":"passed","title":"should initialize with default states"}],"endTime":1749756567281,"message":"","name":"/home/aflesch/mathquest/app/frontend/src/hooks/__tests__/useTeacherQuizSocket.initialization.test.ts","startTime":1749756567216,"status":"passed","summary":""},{"assertionResults":[{"ancestorTitles":["useGameTimer Hook","Basic Timer Functionality"],"duration":2,"failureDetails":[],"failureMessages":[],"fullName":"useGameTimer Hook Basic Timer Functionality should initialize with default state","invocations":1,"location":null,"numPassingAsserts":4,"retryReasons":[],"status":"passed","title":"should initialize with default state"},{"ancestorTitles":["useGameTimer Hook","Basic Timer Functionality"],"duration":1,"failureDetails":[],"failureMessages":[],"fullName":"useGameTimer Hook Basic Timer Functionality should start timer correctly","invocations":1,"location":null,"numPassingAsserts":4,"retryReasons":[],"status":"passed","title":"should start timer correctly"},{"ancestorTitles":["useGameTimer Hook","Basic Timer Functionality"],"duration":2,"failureDetails":[],"failureMessages":[],"fullName":"useGameTimer Hook Basic Timer Functionality should pause and resume timer","invocations":1,"location":null,"numPassingAsserts":4,"retryReasons":[],"status":"passed","title":"should pause and resume timer"},{"ancestorTitles":["useGameTimer Hook","Socket Integration"],"duration":2,"failureDetails":[],"failureMessages":[],"fullName":"useGameTimer Hook Socket Integration should register socket events for teacher role","invocations":1,"location":null,"numPassingAsserts":2,"retryReasons":[],"status":"passed","title":"should register socket events for teacher role"},{"ancestorTitles":["useGameTimer Hook","Socket Integration"],"duration":1,"failureDetails":[],"failureMessages":[],"fullName":"useGameTimer Hook Socket Integration should register socket events for student role","invocations":1,"location":null,"numPassingAsserts":2,"retryReasons":[],"status":"passed","title":"should register socket events for student role"},{"ancestorTitles":["useGameTimer Hook","Socket Integration"],"duration":1,"failureDetails":[],"failureMessages":[],"fullName":"useGameTimer Hook Socket Integration should handle socket timer updates","invocations":1,"location":null,"numPassingAsserts":3,"retryReasons":[],"status":"passed","title":"should handle socket timer updates"},{"ancestorTitles":["useGameTimer Hook","Role-Specific Utility Functions"],"duration":1,"failureDetails":[],"failureMessages":[],"fullName":"useGameTimer Hook Role-Specific Utility Functions should create teacher timer with socket","invocations":1,"location":null,"numPassingAsserts":1,"retryReasons":[],"status":"passed","title":"should create teacher timer with socket"},{"ancestorTitles":["useGameTimer Hook","Role-Specific Utility Functions"],"duration":1,"failureDetails":[],"failureMessages":[],"fullName":"useGameTimer Hook Role-Specific Utility Functions should create student timer with socket","invocations":1,"location":null,"numPassingAsserts":1,"retryReasons":[],"status":"passed","title":"should create student timer with socket"},{"ancestorTitles":["useGameTimer Hook","Role-Specific Utility Functions"],"duration":1,"failureDetails":[],"failureMessages":[],"fullName":"useGameTimer Hook Role-Specific Utility Functions should create projection timer with socket","invocations":1,"location":null,"numPassingAsserts":1,"retryReasons":[],"status":"passed","title":"should create projection timer with socket"},{"ancestorTitles":["useGameTimer Hook","Role-Specific Utility Functions"],"duration":1,"failureDetails":[],"failureMessages":[],"fullName":"useGameTimer Hook Role-Specific Utility Functions should create tournament timer with socket","invocations":1,"location":null,"numPassingAsserts":1,"retryReasons":[],"status":"passed","title":"should create tournament timer with socket"},{"ancestorTitles":["useGameTimer Hook","Time Formatting"],"duration":1,"failureDetails":[],"failureMessages":[],"fullName":"useGameTimer Hook Time Formatting should format time correctly","invocations":1,"location":null,"numPassingAsserts":4,"retryReasons":[],"status":"passed","title":"should format time correctly"},{"ancestorTitles":["useGameTimer Hook","Backend Synchronization"],"duration":1,"failureDetails":[],"failureMessages":[],"fullName":"useGameTimer Hook Backend Synchronization should sync with backend state","invocations":1,"location":null,"numPassingAsserts":3,"retryReasons":[],"status":"passed","title":"should sync with backend state"}],"endTime":1749756567354,"message":"","name":"/home/aflesch/mathquest/app/frontend/src/hooks/__tests__/useGameTimer.test.ts","startTime":1749756567285,"status":"passed","summary":""},{"assertionResults":[{"ancestorTitles":["useTeacherQuizSocket Event Listeners"],"duration":3,"failureDetails":[],"failureMessages":[],"fullName":"useTeacherQuizSocket Event Listeners should register event listener for \"game_control_state\"","invocations":1,"location":null,"numPassingAsserts":1,"retryReasons":[],"status":"passed","title":"should register event listener for \"game_control_state\""},{"ancestorTitles":["useTeacherQuizSocket Event Listeners"],"duration":1,"failureDetails":[],"failureMessages":[],"fullName":"useTeacherQuizSocket Event Listeners should register event listener for \"dashboard_timer_updated\"","invocations":1,"location":null,"numPassingAsserts":1,"retryReasons":[],"status":"passed","title":"should register event listener for \"dashboard_timer_updated\""},{"ancestorTitles":["useTeacherQuizSocket Event Listeners"],"duration":1,"failureDetails":[],"failureMessages":[],"fullName":"useTeacherQuizSocket Event Listeners should register event listener for \"quiz_connected_count\"","invocations":1,"location":null,"numPassingAsserts":1,"retryReasons":[],"status":"passed","title":"should register event listener for \"quiz_connected_count\""},{"ancestorTitles":["useTeacherQuizSocket Event Listeners"],"duration":1,"failureDetails":[],"failureMessages":[],"fullName":"useTeacherQuizSocket Event Listeners should handle \"game_control_state\" event without errors","invocations":1,"location":null,"numPassingAsserts":2,"retryReasons":[],"status":"passed","title":"should handle \"game_control_state\" event without errors"},{"ancestorTitles":["useTeacherQuizSocket Event Listeners"],"duration":9,"failureDetails":[],"failureMessages":[],"fullName":"useTeacherQuizSocket Event Listeners should handle \"dashboard_timer_updated\" event without errors","invocations":1,"location":null,"numPassingAsserts":2,"retryReasons":[],"status":"passed","title":"should handle \"dashboard_timer_updated\" event without errors"}],"endTime":1749756567427,"message":"","name":"/home/aflesch/mathquest/app/frontend/src/hooks/__tests__/useTeacherQuizSocket.eventListeners.test.ts","startTime":1749756567361,"status":"passed","summary":""},{"assertionResults":[{"ancestorTitles":["useTeacherQuizSocket Simple Tests"],"duration":3,"failureDetails":[],"failureMessages":[],"fullName":"useTeacherQuizSocket Simple Tests should initialize with default state values","invocations":1,"location":null,"numPassingAsserts":10,"retryReasons":[],"status":"passed","title":"should initialize with default state values"}],"endTime":1749756567495,"message":"","name":"/home/aflesch/mathquest/app/frontend/src/hooks/__tests__/useTeacherQuizSocket.simple.test.ts","startTime":1749756567434,"status":"passed","summary":""},{"assertionResults":[{"ancestorTitles":["useStudentGameSocket - Initialization"],"duration":2,"failureDetails":[],"failureMessages":[],"fullName":"useStudentGameSocket - Initialization should initialize with default state when no parameters provided","invocations":1,"location":null,"numPassingAsserts":5,"retryReasons":[],"status":"passed","title":"should initialize with default state when no parameters provided"},{"ancestorTitles":["useStudentGameSocket - Initialization"],"duration":1,"failureDetails":[],"failureMessages":[],"fullName":"useStudentGameSocket - Initialization should create socket connection with valid parameters","invocations":1,"location":null,"numPassingAsserts":3,"retryReasons":[],"status":"passed","title":"should create socket connection with valid parameters"},{"ancestorTitles":["useStudentGameSocket - Initialization"],"duration":0,"failureDetails":[],"failureMessages":[],"fullName":"useStudentGameSocket - Initialization should not create socket when missing required parameters","invocations":1,"location":null,"numPassingAsserts":3,"retryReasons":[],"status":"passed","title":"should not create socket when missing required parameters"},{"ancestorTitles":["useStudentGameSocket - Initialization"],"duration":1,"failureDetails":[],"failureMessages":[],"fullName":"useStudentGameSocket - Initialization should register connection event handlers on socket creation","invocations":1,"location":null,"numPassingAsserts":4,"retryReasons":[],"status":"passed","title":"should register connection event handlers on socket creation"},{"ancestorTitles":["useStudentGameSocket - Initialization"],"duration":3,"failureDetails":[],"failureMessages":[],"fullName":"useStudentGameSocket - Initialization should clean up socket on unmount","invocations":1,"location":null,"numPassingAsserts":1,"retryReasons":[],"status":"passed","title":"should clean up socket on unmount"},{"ancestorTitles":["useStudentGameSocket - Initialization"],"duration":1,"failureDetails":[],"failureMessages":[],"fullName":"useStudentGameSocket - Initialization should handle differed mode parameter","invocations":1,"location":null,"numPassingAsserts":2,"retryReasons":[],"status":"passed","title":"should handle differed mode parameter"},{"ancestorTitles":["useStudentGameSocket - Initialization"],"duration":2,"failureDetails":[],"failureMessages":[],"fullName":"useStudentGameSocket - Initialization should provide all expected hook interface methods","invocations":1,"location":null,"numPassingAsserts":8,"retryReasons":[],"status":"passed","title":"should provide all expected hook interface methods"}],"endTime":1749756567576,"message":"","name":"/home/aflesch/mathquest/app/frontend/src/hooks/__tests__/useStudentGameSocket.initialization.test.ts","startTime":1749756567503,"status":"passed","summary":""},{"assertionResults":[{"ancestorTitles":["useTeacherQuizSocket Connection"],"duration":2,"failureDetails":[],"failureMessages":[],"fullName":"useTeacherQuizSocket Connection should connect socket and register connection event listener","invocations":1,"location":null,"numPassingAsserts":1,"retryReasons":[],"status":"passed","title":"should connect socket and register connection event listener"},{"ancestorTitles":["useTeacherQuizSocket Connection"],"duration":1,"failureDetails":[],"failureMessages":[],"fullName":"useTeacherQuizSocket Connection should register disconnect event listener","invocations":1,"location":null,"numPassingAsserts":1,"retryReasons":[],"status":"passed","title":"should register disconnect event listener"},{"ancestorTitles":["useTeacherQuizSocket Connection"],"duration":1,"failureDetails":[],"failureMessages":[],"fullName":"useTeacherQuizSocket Connection should handle connect event properly","invocations":1,"location":null,"numPassingAsserts":1,"retryReasons":[],"status":"passed","title":"should handle connect event properly"},{"ancestorTitles":["useTeacherQuizSocket Connection"],"duration":1,"failureDetails":[],"failureMessages":[],"fullName":"useTeacherQuizSocket Connection should handle disconnect event properly","invocations":1,"location":null,"numPassingAsserts":1,"retryReasons":[],"status":"passed","title":"should handle disconnect event properly"},{"ancestorTitles":["useTeacherQuizSocket Connection"],"duration":1,"failureDetails":[],"failureMessages":[],"fullName":"useTeacherQuizSocket Connection should cleanup listeners on component unmount","invocations":1,"location":null,"numPassingAsserts":1,"retryReasons":[],"status":"passed","title":"should cleanup listeners on component unmount"}],"endTime":1749756567652,"message":"","name":"/home/aflesch/mathquest/app/frontend/src/hooks/__tests__/useTeacherQuizSocket.connection.test.ts","startTime":1749756567585,"status":"passed","summary":""},{"assertionResults":[{"ancestorTitles":["useTeacherQuizSocket State Updates"],"duration":5,"failureDetails":[],"failureMessages":[],"fullName":"useTeacherQuizSocket State Updates should update quizState when \"game_control_state\" event is received","invocations":1,"location":null,"numPassingAsserts":1,"retryReasons":[],"status":"passed","title":"should update quizState when \"game_control_state\" event is received"},{"ancestorTitles":["useTeacherQuizSocket State Updates"],"duration":2,"failureDetails":[],"failureMessages":[],"fullName":"useTeacherQuizSocket State Updates should update timer-related states when \"quiz_timer_update\" event is received","invocations":1,"location":null,"numPassingAsserts":3,"retryReasons":[],"status":"passed","title":"should update timer-related states when \"quiz_timer_update\" event is received"},{"ancestorTitles":["useTeacherQuizSocket State Updates"],"duration":1,"failureDetails":[],"failureMessages":[],"fullName":"useTeacherQuizSocket State Updates should update connectedCount when \"quiz_connected_count\" event is received","invocations":1,"location":null,"numPassingAsserts":1,"retryReasons":[],"status":"passed","title":"should update connectedCount when \"quiz_connected_count\" event is received"},{"ancestorTitles":["useTeacherQuizSocket State Updates"],"duration":1,"failureDetails":[],"failureMessages":[],"fullName":"useTeacherQuizSocket State Updates should NOT update profSocketId in quizState when \"dashboard_joined\" event is received","invocations":1,"location":null,"numPassingAsserts":0,"retryReasons":[],"status":"passed","title":"should NOT update profSocketId in quizState when \"dashboard_joined\" event is received"}],"endTime":1749756567729,"message":"","name":"/home/aflesch/mathquest/app/frontend/src/hooks/__tests__/useTeacherQuizSocket.stateUpdates.test.ts","startTime":1749756567659,"status":"passed","summary":""},{"assertionResults":[{"ancestorTitles":["Button component"],"duration":2,"failureDetails":[],"failureMessages":[],"fullName":"Button component renders button with text","invocations":1,"location":null,"numPassingAsserts":1,"retryReasons":[],"status":"passed","title":"renders button with text"}],"endTime":1749756567799,"message":"","name":"/home/aflesch/mathquest/app/frontend/src/components/__tests__/BasicButton.test.tsx","startTime":1749756567734,"status":"passed","summary":""},{"assertionResults":[{"ancestorTitles":["Simple Component Test"],"duration":2,"failureDetails":[],"failureMessages":[],"fullName":"Simple Component Test renders correctly","invocations":1,"location":null,"numPassingAsserts":1,"retryReasons":[],"status":"passed","title":"renders correctly"}],"endTime":1749756567868,"message":"","name":"/home/aflesch/mathquest/app/frontend/src/components/__tests__/SimpleTest.test.tsx","startTime":1749756567809,"status":"passed","summary":""},{"assertionResults":[{"ancestorTitles":["useTeacherQuizSocket Basic Tests"],"duration":2,"failureDetails":[],"failureMessages":[],"fullName":"useTeacherQuizSocket Basic Tests should render without crashing","invocations":1,"location":null,"numPassingAsserts":1,"retryReasons":[],"status":"passed","title":"should render without crashing"}],"endTime":1749756567937,"message":"","name":"/home/aflesch/mathquest/app/frontend/src/hooks/__tests__/useTeacherQuizSocket.test.ts","startTime":1749756567874,"status":"passed","summary":""},{"assertionResults":[{"ancestorTitles":["Timer Debug Test Suite","1. Basic Timer Functionality"],"duration":8,"failureDetails":[],"failureMessages":[],"fullName":"Timer Debug Test Suite 1. Basic Timer Functionality should process timer data correctly","invocations":1,"location":null,"numPassingAsserts":3,"retryReasons":[],"status":"passed","title":"should process timer data correctly"},{"ancestorTitles":["Timer Debug Test Suite","1. Basic Timer Functionality"],"duration":2,"failureDetails":[],"failureMessages":[],"fullName":"Timer Debug Test Suite 1. Basic Timer Functionality should handle edge cases correctly","invocations":1,"location":null,"numPassingAsserts":6,"retryReasons":[],"status":"passed","title":"should handle edge cases correctly"},{"ancestorTitles":["Timer Debug Test Suite","2. Timer State Transitions"],"duration":2,"failureDetails":[],"failureMessages":[],"fullName":"Timer Debug Test Suite 2. Timer State Transitions should handle start/pause/resume cycle","invocations":1,"location":null,"numPassingAsserts":5,"retryReasons":[],"status":"passed","title":"should handle start/pause/resume cycle"},{"ancestorTitles":["Timer Debug Test Suite","3. Dashboard Timer Event Processing"],"duration":1,"failureDetails":[],"failureMessages":[],"fullName":"Timer Debug Test Suite 3. Dashboard Timer Event Processing should process dashboard_timer_updated correctly","invocations":1,"location":null,"numPassingAsserts":3,"retryReasons":[],"status":"passed","title":"should process dashboard_timer_updated correctly"},{"ancestorTitles":["Timer Debug Test Suite","4. Time Format and Display"],"duration":2,"failureDetails":[],"failureMessages":[],"fullName":"Timer Debug Test Suite 4. Time Format and Display should convert milliseconds to display format correctly","invocations":1,"location":null,"numPassingAsserts":5,"retryReasons":[],"status":"passed","title":"should convert milliseconds to display format correctly"},{"ancestorTitles":["Timer Debug Test Suite","4. Time Format and Display"],"duration":6,"failureDetails":[],"failureMessages":[],"fullName":"Timer Debug Test Suite 4. Time Format and Display should identify potential display issues","invocations":1,"location":null,"numPassingAsserts":12,"retryReasons":[],"status":"passed","title":"should identify potential display issues"},{"ancestorTitles":["Timer Debug Test Suite","5. Complete Timer Flow Simulation"],"duration":5,"failureDetails":[],"failureMessages":[],"fullName":"Timer Debug Test Suite 5. Complete Timer Flow Simulation should trace a complete timer update flow","invocations":1,"location":null,"numPassingAsserts":5,"retryReasons":[],"status":"passed","title":"should trace a complete timer update flow"}],"endTime":1749756568006,"message":"","name":"/home/aflesch/mathquest/app/frontend/src/hooks/__tests__/timer-debug.test.ts","startTime":1749756567946,"status":"passed","summary":""},{"assertionResults":[{"ancestorTitles":["Basic TS Test"],"duration":1,"failureDetails":[],"failureMessages":[],"fullName":"Basic TS Test adds numbers","invocations":1,"location":null,"numPassingAsserts":1,"retryReasons":[],"status":"passed","title":"adds numbers"}],"endTime":1749756568067,"message":"","name":"/home/aflesch/mathquest/app/frontend/src/hooks/__tests__/basic-ts-only.test.ts","startTime":1749756568027,"status":"passed","summary":""},{"assertionResults":[{"ancestorTitles":["Basic Jest Test"],"duration":1,"failureDetails":[],"failureMessages":[],"fullName":"Basic Jest Test should pass a basic test","invocations":1,"location":null,"numPassingAsserts":1,"retryReasons":[],"status":"passed","title":"should pass a basic test"},{"ancestorTitles":["Basic Jest Test"],"duration":0,"failureDetails":[],"failureMessages":[],"fullName":"Basic Jest Test should be able to mock functions","invocations":1,"location":null,"numPassingAsserts":1,"retryReasons":[],"status":"passed","title":"should be able to mock functions"}],"endTime":1749756568113,"message":"","name":"/home/aflesch/mathquest/app/frontend/src/hooks/__tests__/basic.test.js","startTime":1749756568073,"status":"passed","summary":""},{"assertionResults":[{"ancestorTitles":["Basic Jest Test"],"duration":0,"failureDetails":[],"failureMessages":[],"fullName":"Basic Jest Test should pass a basic test","invocations":1,"location":null,"numPassingAsserts":1,"retryReasons":[],"status":"passed","title":"should pass a basic test"},{"ancestorTitles":["Basic Jest Test"],"duration":0,"failureDetails":[],"failureMessages":[],"fullName":"Basic Jest Test should be able to mock functions","invocations":1,"location":null,"numPassingAsserts":1,"retryReasons":[],"status":"passed","title":"should be able to mock functions"}],"endTime":1749756568163,"message":"","name":"/home/aflesch/mathquest/app/frontend/src/hooks/__tests__/basic.test.ts","startTime":1749756568118,"status":"passed","summary":""}],"wasInterrupted":false}
